Base path: /home/hojoon/catkin_ws
Source space: /home/hojoon/catkin_ws/src
Build space: /home/hojoon/catkin_ws/build
Devel space: /home/hojoon/catkin_ws/devel
Install space: /home/hojoon/catkin_ws/install
####
#### Running command: "make cmake_check_build_system" in "/home/hojoon/catkin_ws/build"
####
####
#### Running command: "make -j4 -l4" in "/home/hojoon/catkin_ws/build"
####
[  0%] Built target std_msgs_generate_messages_cpp
[  0%] Built target sensor_msgs_generate_messages_cpp
[  0%] Built target _core_msgs_generate_messages_check_deps_MissionState
[  0%] Built target _core_msgs_generate_messages_check_deps_VehicleState
[  0%] Built target _core_msgs_generate_messages_check_deps_ActiveNode
[  0%] Built target geometry_msgs_generate_messages_cpp
[  0%] Built target _core_msgs_generate_messages_check_deps_MotionState
[  0%] Built target _core_msgs_generate_messages_check_deps_Curvature
[  0%] Built target _core_msgs_generate_messages_check_deps_LightState
[  0%] Built target _core_msgs_generate_messages_check_deps_VelocityLevel
[  0%] Built target std_msgs_generate_messages_nodejs
[  0%] Built target sensor_msgs_generate_messages_nodejs
[  0%] Built target geometry_msgs_generate_messages_nodejs
[  0%] Built target _core_msgs_generate_messages_check_deps_Control
[  0%] Built target _core_msgs_generate_messages_check_deps_ImuSpeed
[  0%] Built target std_msgs_generate_messages_lisp
[  0%] Built target sensor_msgs_generate_messages_lisp
[  0%] Built target geometry_msgs_generate_messages_lisp
[  0%] Built target std_msgs_generate_messages_eus
[  0%] Built target geometry_msgs_generate_messages_eus
[  0%] Built target sensor_msgs_generate_messages_py
[  0%] Built target std_msgs_generate_messages_py
[  0%] Built target sensor_msgs_generate_messages_eus
[  0%] Built target geometry_msgs_generate_messages_py
[ 16%] Built target core_msgs_generate_messages_cpp
[ 20%] Built target serial_communicator_manual
[ 22%] Building CXX object zer2019 /main_stream/decision/planner/CMakeFiles/planner.dir/src/2019_planner.cpp.o
[ 24%] Building CXX object zer2019 /main_stream/decision/planner/CMakeFiles/planner.dir/src/hybrid_astar.cpp.o
[ 41%] Built target core_msgs_generate_messages_nodejs
[ 58%] Built target core_msgs_generate_messages_lisp
[ 77%] Built target core_msgs_generate_messages_eus
[ 96%] Built target core_msgs_generate_messages_py
[ 96%] Built target core_msgs_generate_messages
/home/hojoon/catkin_ws/src/zer2019 /main_stream/decision/planner/src/hybrid_astar.cpp: In function ‘ompl::base::PlannerStatus ompl::solve(const ompl::base::PlannerTerminationCondition&)’:
/home/hojoon/catkin_ws/src/zer2019 /main_stream/decision/planner/src/hybrid_astar.cpp:35:21: error: ‘checkValidity’ was not declared in this scope
       checkValidity(); //not declared in this scope
                     ^
/home/hojoon/catkin_ws/src/zer2019 /main_stream/decision/planner/src/hybrid_astar.cpp:39:27: error: ‘pdef_’ was not declared in this scope
       base::State* goal = pdef_->getGoal().get()->as<base::GoalState>->getState(); //pdef_ not declared in this scope
                           ^
/home/hojoon/catkin_ws/src/zer2019 /main_stream/decision/planner/src/hybrid_astar.cpp:39:69: error: expected primary-expression before ‘>’ token
       base::State* goal = pdef_->getGoal().get()->as<base::GoalState>->getState(); //pdef_ not declared in this scope
                                                                     ^
/home/hojoon/catkin_ws/src/zer2019 /main_stream/decision/planner/src/hybrid_astar.cpp:39:70: error: expected primary-expression before ‘->’ token
       base::State* goal = pdef_->getGoal().get()->as<base::GoalState>->getState(); //pdef_ not declared in this scope
                                                                      ^
In file included from /opt/ros/kinetic/include/ompl/base/ProjectionEvaluator.h:42:0,
                 from /opt/ros/kinetic/include/ompl/base/StateSpace.h:43,
                 from /opt/ros/kinetic/include/ompl/base/SpaceInformation.h:43,
                 from /opt/ros/kinetic/include/ompl/base/Planner.h:40,
                 from /home/hojoon/catkin_ws/src/zer2019 /main_stream/decision/planner/src/hybrid_astar.cpp:3:
/home/hojoon/catkin_ws/src/zer2019 /main_stream/decision/planner/src/hybrid_astar.cpp:41:69: error: ‘getName’ was not declared in this scope
         OMPL_ERROR("%s: There are no valid initial states", getName().c_str()); //getName is not declared
                                                                     ^
/opt/ros/kinetic/include/ompl/util/Console.h:64:95: note: in definition of macro ‘OMPL_ERROR’
 #define OMPL_ERROR(fmt, ...)  ompl::msg::log(__FILE__, __LINE__, ompl::msg::LOG_ERROR, fmt, ##__VA_ARGS__)
                                                                                               ^
/home/hojoon/catkin_ws/src/zer2019 /main_stream/decision/planner/src/hybrid_astar.cpp:41:69: note: suggested alternative:
         OMPL_ERROR("%s: There are no valid initial states", getName().c_str()); //getName is not declared
                                                                     ^
/opt/ros/kinetic/include/ompl/util/Console.h:64:95: note: in definition of macro ‘OMPL_ERROR’
 #define OMPL_ERROR(fmt, ...)  ompl::msg::log(__FILE__, __LINE__, ompl::msg::LOG_ERROR, fmt, ##__VA_ARGS__)
                                                                                               ^
In file included from /opt/ros/kinetic/include/ros/ros.h:53:0,
                 from /home/hojoon/catkin_ws/src/zer2019 /main_stream/decision/planner/include/carsetupcomhandle.h:5,
                 from /home/hojoon/catkin_ws/src/zer2019 /main_stream/decision/planner/src/hybrid_astar.cpp:16:
/opt/ros/kinetic/include/ros/this_node.h:46:32: note:   ‘ros::this_node::getName’
 ROSCPP_DECL const std::string& getName();
                                ^
In file included from /opt/ros/kinetic/include/ompl/base/ProjectionEvaluator.h:42:0,
                 from /opt/ros/kinetic/include/ompl/base/StateSpace.h:43,
                 from /opt/ros/kinetic/include/ompl/base/SpaceInformation.h:43,
                 from /opt/ros/kinetic/include/ompl/base/Planner.h:40,
                 from /home/hojoon/catkin_ws/src/zer2019 /main_stream/decision/planner/src/hybrid_astar.cpp:3:
/home/hojoon/catkin_ws/src/zer2019 /main_stream/decision/planner/src/hybrid_astar.cpp:44:75: error: ‘getName’ was not declared in this scope
         OMPL_ERROR("%s: There are too many valid initial states", getName().c_star());
                                                                           ^
/opt/ros/kinetic/include/ompl/util/Console.h:64:95: note: in definition of macro ‘OMPL_ERROR’
 #define OMPL_ERROR(fmt, ...)  ompl::msg::log(__FILE__, __LINE__, ompl::msg::LOG_ERROR, fmt, ##__VA_ARGS__)
                                                                                               ^
/home/hojoon/catkin_ws/src/zer2019 /main_stream/decision/planner/src/hybrid_astar.cpp:44:75: note: suggested alternative:
         OMPL_ERROR("%s: There are too many valid initial states", getName().c_star());
                                                                           ^
/opt/ros/kinetic/include/ompl/util/Console.h:64:95: note: in definition of macro ‘OMPL_ERROR’
 #define OMPL_ERROR(fmt, ...)  ompl::msg::log(__FILE__, __LINE__, ompl::msg::LOG_ERROR, fmt, ##__VA_ARGS__)
                                                                                               ^
In file included from /opt/ros/kinetic/include/ros/ros.h:53:0,
                 from /home/hojoon/catkin_ws/src/zer2019 /main_stream/decision/planner/include/carsetupcomhandle.h:5,
                 from /home/hojoon/catkin_ws/src/zer2019 /main_stream/decision/planner/src/hybrid_astar.cpp:16:
/opt/ros/kinetic/include/ros/this_node.h:46:32: note:   ‘ros::this_node::getName’
 ROSCPP_DECL const std::string& getName();
                                ^
/home/hojoon/catkin_ws/src/zer2019 /main_stream/decision/planner/src/hybrid_astar.cpp:53:100: error: ‘si’ was not declared in this scope
       base::OptimizationObjectivePtr obj = std::make_shared<base::PathLengthOptimizationObjective>(si); 
                                                                                                    ^
/home/hojoon/catkin_ws/src/zer2019 /main_stream/decision/planner/src/hybrid_astar.cpp:58:7: error: ‘open’ was not declared in this scope
       open.pushback(current_path);
       ^
In file included from /opt/ros/kinetic/include/ompl/base/ProjectionEvaluator.h:42:0,
                 from /opt/ros/kinetic/include/ompl/base/StateSpace.h:43,
                 from /opt/ros/kinetic/include/ompl/base/SpaceInformation.h:43,
                 from /opt/ros/kinetic/include/ompl/base/Planner.h:40,
                 from /home/hojoon/catkin_ws/src/zer2019 /main_stream/decision/planner/src/hybrid_astar.cpp:3:
/home/hojoon/catkin_ws/src/zer2019 /main_stream/decision/planner/src/hybrid_astar.cpp:66:65: error: ‘getName’ was not declared in this scope
           OMPL_ERROR("%s: There are no possible paths", getName().c_star());
                                                                 ^
/opt/ros/kinetic/include/ompl/util/Console.h:64:95: note: in definition of macro ‘OMPL_ERROR’
 #define OMPL_ERROR(fmt, ...)  ompl::msg::log(__FILE__, __LINE__, ompl::msg::LOG_ERROR, fmt, ##__VA_ARGS__)
                                                                                               ^
/home/hojoon/catkin_ws/src/zer2019 /main_stream/decision/planner/src/hybrid_astar.cpp:66:65: note: suggested alternative:
           OMPL_ERROR("%s: There are no possible paths", getName().c_star());
                                                                 ^
/opt/ros/kinetic/include/ompl/util/Console.h:64:95: note: in definition of macro ‘OMPL_ERROR’
 #define OMPL_ERROR(fmt, ...)  ompl::msg::log(__FILE__, __LINE__, ompl::msg::LOG_ERROR, fmt, ##__VA_ARGS__)
                                                                                               ^
In file included from /opt/ros/kinetic/include/ros/ros.h:53:0,
                 from /home/hojoon/catkin_ws/src/zer2019 /main_stream/decision/planner/include/carsetupcomhandle.h:5,
                 from /home/hojoon/catkin_ws/src/zer2019 /main_stream/decision/planner/src/hybrid_astar.cpp:16:
/opt/ros/kinetic/include/ros/this_node.h:46:32: note:   ‘ros::this_node::getName’
 ROSCPP_DECL const std::string& getName();
                                ^
/home/hojoon/catkin_ws/src/zer2019 /main_stream/decision/planner/src/hybrid_astar.cpp:70:26: error: ‘sort_vectors’ was not declared in this scope
         sort_vectors(open); //sort path based on the heuristic distance 
                          ^
/home/hojoon/catkin_ws/src/zer2019 /main_stream/decision/planner/src/hybrid_astar.cpp:75:178: error: ‘return_discrete’ was not declared in this scope
         std::vector<double> disc_coord = return_discrete(current_state->as<base::SE2StateSpace::StateType>()->getX(), current_state->as<base::SE2StateSpace::StateType>()->getY());
                                                                                                                                                                                  ^
/home/hojoon/catkin_ws/src/zer2019 /main_stream/decision/planner/src/hybrid_astar.cpp:79:9: error: ‘closed’ was not declared in this scope
         closed->pushback(discrete_state);
         ^
/home/hojoon/catkin_ws/src/zer2019 /main_stream/decision/planner/src/hybrid_astar.cpp:82:45: error: ‘state_compare’ was not declared in this scope
         if(state_compare(current_state, goal)){ 
                                             ^
/home/hojoon/catkin_ws/src/zer2019 /main_stream/decision/planner/src/hybrid_astar.cpp:84:44: error: expected primary-expression before ‘&’ token
           current_path->print(std::ostream &out);
                                            ^
/home/hojoon/catkin_ws/src/zer2019 /main_stream/decision/planner/src/hybrid_astar.cpp:84:45: error: ‘out’ was not declared in this scope
           current_path->print(std::ostream &out);
                                             ^
/home/hojoon/catkin_ws/src/zer2019 /main_stream/decision/planner/src/hybrid_astar.cpp:87:28: error: ‘heading_changes’ was not declared in this scope
         for(int i = 0; i < heading_changes.size()-1; i++){
                            ^
/home/hojoon/catkin_ws/src/zer2019 /main_stream/decision/planner/src/hybrid_astar.cpp:90:13: error: ‘drive_distance’ was not declared in this scope
             drive_distance*cos(current_state->as<base::SE2StateSpace::StateType>()->getYaw())
             ^
/home/hojoon/catkin_ws/src/zer2019 /main_stream/decision/planner/src/hybrid_astar.cpp:96:73: error: ‘vector_contains’ was not declared in this scope
         if(si->isValid(next_state) && vector_contains(closed, next_state) == false){
                                                                         ^
/home/hojoon/catkin_ws/src/zer2019 /main_stream/decision/planner/src/hybrid_astar.cpp:97:11: error: ‘heuristic’ was not declared in this scope
           heuristic = euclidean_distance(next_state, goal) + drive_distance;
           ^
/home/hojoon/catkin_ws/src/zer2019 /main_stream/decision/planner/src/hybrid_astar.cpp:97:58: error: ‘euclidean_distance’ was not declared in this scope
           heuristic = euclidean_distance(next_state, goal) + drive_distance;
                                                          ^
/home/hojoon/catkin_ws/src/zer2019 /main_stream/decision/planner/src/hybrid_astar.cpp:97:62: error: ‘drive_distance’ was not declared in this scope
           heuristic = euclidean_distance(next_state, goal) + drive_distance;
                                                              ^
/home/hojoon/catkin_ws/src/zer2019 /main_stream/decision/planner/src/hybrid_astar.cpp:98:22: error: use of deleted function ‘ompl::base::Path& ompl::base::Path::operator=(const ompl::base::Path&)’
           *next_path = *current_path; 
                      ^
In file included from /opt/ros/kinetic/include/ompl/base/ProblemDefinition.h:42:0,
                 from /opt/ros/kinetic/include/ompl/base/Planner.h:41,
                 from /home/hojoon/catkin_ws/src/zer2019 /main_stream/decision/planner/src/hybrid_astar.cpp:3:
/opt/ros/kinetic/include/ompl/base/Path.h:72:19: note: declared here
             Path& operator=(const Path&) = delete;
                   ^
/home/hojoon/catkin_ws/src/zer2019 /main_stream/decision/planner/src/hybrid_astar.cpp:99:22: error: ‘class ompl::base::Path’ has no member named ‘push_back’
           next_path->push_back(next_state); 
                      ^
/home/hojoon/catkin_ws/src/zer2019 /main_stream/decision/planner/src/hybrid_astar.cpp: In function ‘bool ompl::compare_path_costs(const ompl::base::Path&, const ompl::base::Path&)’:
/home/hojoon/catkin_ws/src/zer2019 /main_stream/decision/planner/src/hybrid_astar.cpp:137:15: error: base operand of ‘->’ has non-pointer type ‘const ompl::base::Path’
      return v1->as<geometric::PathGeometric>()->cost()->value() > v2->as<geometric::PathGeometric>()->cost()->value();
               ^
/home/hojoon/catkin_ws/src/zer2019 /main_stream/decision/planner/src/hybrid_astar.cpp:137:44: error: expected primary-expression before ‘>’ token
      return v1->as<geometric::PathGeometric>()->cost()->value() > v2->as<geometric::PathGeometric>()->cost()->value();
                                            ^
/home/hojoon/catkin_ws/src/zer2019 /main_stream/decision/planner/src/hybrid_astar.cpp:137:46: error: expected primary-expression before ‘)’ token
      return v1->as<geometric::PathGeometric>()->cost()->value() > v2->as<geometric::PathGeometric>()->cost()->value();
                                              ^
/home/hojoon/catkin_ws/src/zer2019 /main_stream/decision/planner/src/hybrid_astar.cpp:137:69: error: base operand of ‘->’ has non-pointer type ‘const ompl::base::Path’
      return v1->as<geometric::PathGeometric>()->cost()->value() > v2->as<geometric::PathGeometric>()->cost()->value();
                                                                     ^
/home/hojoon/catkin_ws/src/zer2019 /main_stream/decision/planner/src/hybrid_astar.cpp:137:98: error: expected primary-expression before ‘>’ token
      return v1->as<geometric::PathGeometric>()->cost()->value() > v2->as<geometric::PathGeometric>()->cost()->value();
                                                                                                  ^
/home/hojoon/catkin_ws/src/zer2019 /main_stream/decision/planner/src/hybrid_astar.cpp:137:100: error: expected primary-expression before ‘)’ token
      return v1->as<geometric::PathGeometric>()->cost()->value() > v2->as<geometric::PathGeometric>()->cost()->value();
                                                                                                    ^
/home/hojoon/catkin_ws/src/zer2019 /main_stream/decision/planner/src/hybrid_astar.cpp: In member function ‘std::vector<ompl::base::Path*> ompl::hybridASTAR::sort_vectors(std::vector<ompl::base::Path*>)’:
/home/hojoon/catkin_ws/src/zer2019 /main_stream/decision/planner/src/hybrid_astar.cpp:141:40: error: ‘class std::vector<ompl::base::Path*>’ has no member named ‘endl’
         std::sort(input.begin(), input.endl(), compare_path_costs);
                                        ^
/home/hojoon/catkin_ws/src/zer2019 /main_stream/decision/planner/src/hybrid_astar.cpp: In function ‘bool ompl::state_compare(ompl::base::State*, ompl::base::State*)’:
/home/hojoon/catkin_ws/src/zer2019 /main_stream/decision/planner/src/hybrid_astar.cpp:148:61: error: ‘return_discrete’ was not declared in this scope
       std::vector<double> dis_input = return_discrete(x1, y1);
                                                             ^
/home/hojoon/catkin_ws/src/zer2019 /main_stream/decision/planner/src/hybrid_astar.cpp: At global scope:
/home/hojoon/catkin_ws/src/zer2019 /main_stream/decision/planner/src/hybrid_astar.cpp:166:1: error: expected declaration before ‘}’ token
 }
 ^
/home/hojoon/catkin_ws/src/zer2019 /main_stream/decision/planner/src/2019_planner.cpp: In function ‘int main(int, char**)’:
/home/hojoon/catkin_ws/src/zer2019 /main_stream/decision/planner/src/2019_planner.cpp:61:46: error: ‘ompl::base::StateSpacePtr {aka class std::shared_ptr<ompl::base::StateSpace>}’ has no member named ‘getSpaceInformation’
     ob::SpaceInformation *space_info = space.getSpaceInformation().get();
                                              ^
/home/hojoon/catkin_ws/src/zer2019 /main_stream/decision/planner/src/2019_planner.cpp:77:67: error: ‘si’ was not declared in this scope
     ompl::hybridASTAR planner(std::make_shared<ompl::hybridASTAR>(si));
                                                                   ^
/home/hojoon/catkin_ws/src/zer2019 /main_stream/decision/planner/src/2019_planner.cpp:98:40: error: ‘nav_msgs::OccupancyGridConstPtr {aka class boost::shared_ptr<const nav_msgs::OccupancyGrid_<std::allocator<void> > >}’ has no member named ‘height’
             int map_length = input_map.height;
                                        ^
/home/hojoon/catkin_ws/src/zer2019 /main_stream/decision/planner/src/2019_planner.cpp:99:39: error: ‘nav_msgs::OccupancyGridConstPtr {aka class boost::shared_ptr<const nav_msgs::OccupancyGrid_<std::allocator<void> > >}’ has no member named ‘width’
             int map_width = input_map.width;
                                       ^
/home/hojoon/catkin_ws/src/zer2019 /main_stream/decision/planner/src/2019_planner.cpp:112:16: error: ‘class ompl::geometric::SimpleSetup’ has no member named ‘setBounds’
             ss.setBounds(map_bounds);
                ^
/home/hojoon/catkin_ws/src/zer2019 /main_stream/decision/planner/src/2019_planner.cpp: In lambda function:
/home/hojoon/catkin_ws/src/zer2019 /main_stream/decision/planner/src/2019_planner.cpp:113:134: error: ‘map_id’ is not captured
             ss.setStateValidityChecker([input_map, mseq, space_info](const ob::State *state) {return CarSetupComHandle::isStateValid(map_id, mseq, space, state);});
                                                                                                                                      ^
/home/hojoon/catkin_ws/src/zer2019 /main_stream/decision/planner/src/2019_planner.cpp:113:68: note: the lambda has no capture-default
             ss.setStateValidityChecker([input_map, mseq, space_info](const ob::State *state) {return CarSetupComHandle::isStateValid(map_id, mseq, space, state);});
                                                                    ^
/home/hojoon/catkin_ws/src/zer2019 /main_stream/decision/planner/src/2019_planner.cpp:67:17: note: ‘std::__cxx11::string map_id’ declared here
     std::string map_id;
                 ^
/home/hojoon/catkin_ws/src/zer2019 /main_stream/decision/planner/src/2019_planner.cpp:113:148: error: ‘space’ is not captured
             ss.setStateValidityChecker([input_map, mseq, space_info](const ob::State *state) {return CarSetupComHandle::isStateValid(map_id, mseq, space, state);});
                                                                                                                                                    ^
/home/hojoon/catkin_ws/src/zer2019 /main_stream/decision/planner/src/2019_planner.cpp:113:68: note: the lambda has no capture-default
             ss.setStateValidityChecker([input_map, mseq, space_info](const ob::State *state) {return CarSetupComHandle::isStateValid(map_id, mseq, space, state);});
                                                                    ^
/home/hojoon/catkin_ws/src/zer2019 /main_stream/decision/planner/src/2019_planner.cpp:54:23: note: ‘ompl::base::StateSpacePtr space’ declared here
     ob::StateSpacePtr space(std::make_shared<ob::ReedsSheppStateSpace>());
                       ^
/home/hojoon/catkin_ws/src/zer2019 /main_stream/decision/planner/src/2019_planner.cpp: In function ‘int main(int, char**)’:
/home/hojoon/catkin_ws/src/zer2019 /main_stream/decision/planner/src/2019_planner.cpp:113:163: error: no matching function for call to ‘ompl::geometric::SimpleSetup::setStateValidityChecker(main(int, char**)::<lambda(const ompl::base::State*)>)’
             ss.setStateValidityChecker([input_map, mseq, space_info](const ob::State *state) {return CarSetupComHandle::isStateValid(map_id, mseq, space, state);});
                                                                                                                                                                   ^
In file included from /home/hojoon/catkin_ws/src/zer2019 /main_stream/decision/planner/src/2019_planner.cpp:15:0:
/opt/ros/kinetic/include/ompl/geometric/SimpleSetup.h:160:18: note: candidate: void ompl::geometric::SimpleSetup::setStateValidityChecker(const StateValidityCheckerPtr&)
             void setStateValidityChecker(const base::StateValidityCheckerPtr &svc)
                  ^
/opt/ros/kinetic/include/ompl/geometric/SimpleSetup.h:160:18: note:   no known conversion for argument 1 from ‘main(int, char**)::<lambda(const ompl::base::State*)>’ to ‘const StateValidityCheckerPtr& {aka const std::shared_ptr<ompl::base::StateValidityChecker>&}’
/opt/ros/kinetic/include/ompl/geometric/SimpleSetup.h:166:18: note: candidate: void ompl::geometric::SimpleSetup::setStateValidityChecker(const StateValidityCheckerFn&)
             void setStateValidityChecker(const base::StateValidityCheckerFn &svc)
                  ^
/opt/ros/kinetic/include/ompl/geometric/SimpleSetup.h:166:18: note:   no known conversion for argument 1 from ‘main(int, char**)::<lambda(const ompl::base::State*)>’ to ‘const StateValidityCheckerFn& {aka const std::function<bool(const ompl::base::State*)>&}’
/home/hojoon/catkin_ws/src/zer2019 /main_stream/decision/planner/src/2019_planner.cpp:118:20: error: base operand of ‘->’ has non-pointer type ‘ompl::hybridASTAR’
             planner->setup();
                    ^
/home/hojoon/catkin_ws/src/zer2019 /main_stream/decision/planner/src/2019_planner.cpp:119:34: error: no matching function for call to ‘ompl::geometric::SimpleSetup::setPlanner(ompl::hybridASTAR&)’
             ss.setPlanner(planner)
                                  ^
In file included from /home/hojoon/catkin_ws/src/zer2019 /main_stream/decision/planner/src/2019_planner.cpp:15:0:
/opt/ros/kinetic/include/ompl/geometric/SimpleSetup.h:212:18: note: candidate: void ompl::geometric::SimpleSetup::setPlanner(const PlannerPtr&)
             void setPlanner(const base::PlannerPtr &planner)
                  ^
/opt/ros/kinetic/include/ompl/geometric/SimpleSetup.h:212:18: note:   no known conversion for argument 1 from ‘ompl::hybridASTAR’ to ‘const PlannerPtr& {aka const std::shared_ptr<ompl::base::Planner>&}’
/home/hojoon/catkin_ws/src/zer2019 /main_stream/decision/planner/src/2019_planner.cpp:127:52: error: cannot allocate an object of abstract type ‘ompl::base::Path’
                 ob::Path path = ss.getSolutionPath();
                                                    ^
In file included from /opt/ros/kinetic/include/ompl/base/ProblemDefinition.h:42:0,
                 from /opt/ros/kinetic/include/ompl/base/OptimizationObjective.h:43,
                 from /opt/ros/kinetic/include/ompl/base/objectives/PathLengthOptimizationObjective.h:40,
                 from /home/hojoon/catkin_ws/src/zer2019 /main_stream/decision/planner/src/2019_planner.cpp:8:
/opt/ros/kinetic/include/ompl/base/Path.h:67:15: note:   because the following virtual functions are pure within ‘ompl::base::Path’:
         class Path
               ^
/opt/ros/kinetic/include/ompl/base/Path.h:111:28: note: 	virtual double ompl::base::Path::length() const
             virtual double length() const = 0;
                            ^
/opt/ros/kinetic/include/ompl/base/Path.h:115:26: note: 	virtual ompl::base::Cost ompl::base::Path::cost(const OptimizationObjectivePtr&) const
             virtual Cost cost(const OptimizationObjectivePtr& obj) const = 0;
                          ^
/opt/ros/kinetic/include/ompl/base/Path.h:118:26: note: 	virtual bool ompl::base::Path::check() const
             virtual bool check() const = 0;
                          ^
/opt/ros/kinetic/include/ompl/base/Path.h:121:26: note: 	virtual void ompl::base::Path::print(std::ostream&) const
             virtual void print(std::ostream &out) const = 0;
                          ^
/home/hojoon/catkin_ws/src/zer2019 /main_stream/decision/planner/src/2019_planner.cpp:127:26: error: cannot declare variable ‘path’ to be of abstract type ‘ompl::base::Path’
                 ob::Path path = ss.getSolutionPath();
                          ^
/home/hojoon/catkin_ws/src/zer2019 /main_stream/decision/planner/src/2019_planner.cpp:129:56: error: no matching function for call to ‘CarSetupComHandle::PublishPath(std::__cxx11::string&, int&, ompl::base::Path&)’
                     comh.PublishPath(map_id, mseq, path);
                                                        ^
In file included from /home/hojoon/catkin_ws/src/zer2019 /main_stream/decision/planner/src/2019_planner.cpp:18:0:
/home/hojoon/catkin_ws/src/zer2019 /main_stream/decision/planner/include/carsetupcomhandle.h:74:10: note: candidate: void CarSetupComHandle::PublishPath(std::__cxx11::string, int, ompl::geometric::PathGeometric&, bool)
     void PublishPath(const std::string id, int seq, og::PathGeometric& path, bool withgear);
          ^
/home/hojoon/catkin_ws/src/zer2019 /main_stream/decision/planner/include/carsetupcomhandle.h:74:10: note:   candidate expects 4 arguments, 3 provided
/home/hojoon/catkin_ws/src/zer2019 /main_stream/decision/planner/include/carsetupcomhandle.h:75:10: note: candidate: void CarSetupComHandle::PublishPath(std::__cxx11::string, int, ompl::control::PathControl&, bool)
     void PublishPath(const std::string id, int seq, oc::PathControl& path, bool withgear);
          ^
/home/hojoon/catkin_ws/src/zer2019 /main_stream/decision/planner/include/carsetupcomhandle.h:75:10: note:   candidate expects 4 arguments, 3 provided
zer2019 /main_stream/decision/planner/CMakeFiles/planner.dir/build.make:110: recipe for target 'zer2019 /main_stream/decision/planner/CMakeFiles/planner.dir/src/hybrid_astar.cpp.o' failed
make[2]: *** [zer2019 /main_stream/decision/planner/CMakeFiles/planner.dir/src/hybrid_astar.cpp.o] Error 1
make[2]: *** Waiting for unfinished jobs....
In file included from /usr/include/x86_64-linux-gnu/c++/5/bits/c++allocator.h:33:0,
                 from /usr/include/c++/5/bits/allocator.h:46,
                 from /usr/include/c++/5/string:41,
                 from /opt/ros/kinetic/include/ros/platform.h:55,
                 from /opt/ros/kinetic/include/ros/time.h:53,
                 from /opt/ros/kinetic/include/ros/ros.h:38,
                 from /home/hojoon/catkin_ws/src/zer2019 /main_stream/decision/planner/src/2019_planner.cpp:4:
/usr/include/c++/5/ext/new_allocator.h: In instantiation of ‘void __gnu_cxx::new_allocator<_Tp>::construct(_Up*, _Args&& ...) [with _Up = ompl::base::PathLengthOptimizationObjective; _Args = {ompl::base::SpaceInformation*&}; _Tp = ompl::base::PathLengthOptimizationObjective]’:
/usr/include/c++/5/bits/alloc_traits.h:530:4:   required from ‘static void std::allocator_traits<std::allocator<_CharT> >::construct(std::allocator_traits<std::allocator<_CharT> >::allocator_type&, _Up*, _Args&& ...) [with _Up = ompl::base::PathLengthOptimizationObjective; _Args = {ompl::base::SpaceInformation*&}; _Tp = ompl::base::PathLengthOptimizationObjective; std::allocator_traits<std::allocator<_CharT> >::allocator_type = std::allocator<ompl::base::PathLengthOptimizationObjective>]’
/usr/include/c++/5/bits/shared_ptr_base.h:522:39:   required from ‘std::_Sp_counted_ptr_inplace<_Tp, _Alloc, _Lp>::_Sp_counted_ptr_inplace(_Alloc, _Args&& ...) [with _Args = {ompl::base::SpaceInformation*&}; _Tp = ompl::base::PathLengthOptimizationObjective; _Alloc = std::allocator<ompl::base::PathLengthOptimizationObjective>; __gnu_cxx::_Lock_policy _Lp = (__gnu_cxx::_Lock_policy)2u]’
/usr/include/c++/5/bits/shared_ptr_base.h:617:4:   required from ‘std::__shared_count<_Lp>::__shared_count(std::_Sp_make_shared_tag, _Tp*, const _Alloc&, _Args&& ...) [with _Tp = ompl::base::PathLengthOptimizationObjective; _Alloc = std::allocator<ompl::base::PathLengthOptimizationObjective>; _Args = {ompl::base::SpaceInformation*&}; __gnu_cxx::_Lock_policy _Lp = (__gnu_cxx::_Lock_policy)2u]’
/usr/include/c++/5/bits/shared_ptr_base.h:1097:35:   required from ‘std::__shared_ptr<_Tp, _Lp>::__shared_ptr(std::_Sp_make_shared_tag, const _Alloc&, _Args&& ...) [with _Alloc = std::allocator<ompl::base::PathLengthOptimizationObjective>; _Args = {ompl::base::SpaceInformation*&}; _Tp = ompl::base::PathLengthOptimizationObjective; __gnu_cxx::_Lock_policy _Lp = (__gnu_cxx::_Lock_policy)2u]’
/usr/include/c++/5/bits/shared_ptr.h:319:64:   required from ‘std::shared_ptr<_Tp>::shared_ptr(std::_Sp_make_shared_tag, const _Alloc&, _Args&& ...) [with _Alloc = std::allocator<ompl::base::PathLengthOptimizationObjective>; _Args = {ompl::base::SpaceInformation*&}; _Tp = ompl::base::PathLengthOptimizationObjective]’
/usr/include/c++/5/bits/shared_ptr.h:620:39:   required from ‘std::shared_ptr<_Tp1> std::allocate_shared(const _Alloc&, _Args&& ...) [with _Tp = ompl::base::PathLengthOptimizationObjective; _Alloc = std::allocator<ompl::base::PathLengthOptimizationObjective>; _Args = {ompl::base::SpaceInformation*&}]’
/usr/include/c++/5/bits/shared_ptr.h:635:39:   required from ‘std::shared_ptr<_Tp1> std::make_shared(_Args&& ...) [with _Tp = ompl::base::PathLengthOptimizationObjective; _Args = {ompl::base::SpaceInformation*&}]’
/home/hojoon/catkin_ws/src/zer2019 /main_stream/decision/planner/src/2019_planner.cpp:116:112:   required from here
/usr/include/c++/5/ext/new_allocator.h:120:4: error: no matching function for call to ‘ompl::base::PathLengthOptimizationObjective::PathLengthOptimizationObjective(ompl::base::SpaceInformation*&)’
  { ::new((void *)__p) _Up(std::forward<_Args>(__args)...); }
    ^
In file included from /home/hojoon/catkin_ws/src/zer2019 /main_stream/decision/planner/src/2019_planner.cpp:8:0:
/opt/ros/kinetic/include/ompl/base/objectives/PathLengthOptimizationObjective.h:50:13: note: candidate: ompl::base::PathLengthOptimizationObjective::PathLengthOptimizationObjective(const SpaceInformationPtr&)
             PathLengthOptimizationObjective(const SpaceInformationPtr &si);
             ^
/opt/ros/kinetic/include/ompl/base/objectives/PathLengthOptimizationObjective.h:50:13: note:   no known conversion for argument 1 from ‘ompl::base::SpaceInformation*’ to ‘const SpaceInformationPtr& {aka const std::shared_ptr<ompl::base::SpaceInformation>&}’
zer2019 /main_stream/decision/planner/CMakeFiles/planner.dir/build.make:62: recipe for target 'zer2019 /main_stream/decision/planner/CMakeFiles/planner.dir/src/2019_planner.cpp.o' failed
make[2]: *** [zer2019 /main_stream/decision/planner/CMakeFiles/planner.dir/src/2019_planner.cpp.o] Error 1
CMakeFiles/Makefile2:2607: recipe for target 'zer2019 /main_stream/decision/planner/CMakeFiles/planner.dir/all' failed
make[1]: *** [zer2019 /main_stream/decision/planner/CMakeFiles/planner.dir/all] Error 2
Makefile:138: recipe for target 'all' failed
make: *** [all] Error 2
Invoking "make -j4 -l4" failed

